0 info it worked if it ends with ok
1 verbose cli [ 'C:\\Program Files\\nodejs\\node.exe',
1 verbose cli   'C:\\Program Files\\nodejs\\node_modules\\npm\\bin\\npm-cli.js',
1 verbose cli   'install' ]
2 info using npm@3.8.9
3 info using node@v6.2.0
4 silly loadCurrentTree Starting
5 silly install loadCurrentTree
6 silly install readLocalPackageData
7 silly install normalizeTree
8 silly loadCurrentTree Finishing
9 silly loadIdealTree Starting
10 silly install loadIdealTree
11 silly cloneCurrentTree Starting
12 silly install cloneCurrentTreeToIdealTree
13 silly cloneCurrentTree Finishing
14 silly loadShrinkwrap Starting
15 silly install loadShrinkwrap
16 silly loadShrinkwrap Finishing
17 silly loadAllDepsIntoIdealTree Starting
18 silly install loadAllDepsIntoIdealTree
19 silly fetchNamedPackageData when
20 silly mapToRegistry name when
21 silly mapToRegistry using default registry
22 silly mapToRegistry registry https://registry.npmjs.org/
23 silly mapToRegistry data Result {
23 silly mapToRegistry   raw: 'when',
23 silly mapToRegistry   scope: null,
23 silly mapToRegistry   name: 'when',
23 silly mapToRegistry   rawSpec: '',
23 silly mapToRegistry   spec: 'latest',
23 silly mapToRegistry   type: 'tag' }
24 silly mapToRegistry uri https://registry.npmjs.org/when
25 silly fetchNamedPackageData qs
26 silly mapToRegistry name qs
27 silly mapToRegistry using default registry
28 silly mapToRegistry registry https://registry.npmjs.org/
29 silly mapToRegistry data Result {
29 silly mapToRegistry   raw: 'qs',
29 silly mapToRegistry   scope: null,
29 silly mapToRegistry   name: 'qs',
29 silly mapToRegistry   rawSpec: '',
29 silly mapToRegistry   spec: 'latest',
29 silly mapToRegistry   type: 'tag' }
30 silly mapToRegistry uri https://registry.npmjs.org/qs
31 silly fetchNamedPackageData lodash
32 silly mapToRegistry name lodash
33 silly mapToRegistry using default registry
34 silly mapToRegistry registry https://registry.npmjs.org/
35 silly mapToRegistry data Result {
35 silly mapToRegistry   raw: 'lodash',
35 silly mapToRegistry   scope: null,
35 silly mapToRegistry   name: 'lodash',
35 silly mapToRegistry   rawSpec: '',
35 silly mapToRegistry   spec: 'latest',
35 silly mapToRegistry   type: 'tag' }
36 silly mapToRegistry uri https://registry.npmjs.org/lodash
37 verbose request uri https://registry.npmjs.org/when
38 verbose request no auth needed
39 info attempt registry request try #1 at 17:18:14
40 verbose request id 3e8f27d23d0176b0
41 http request GET https://registry.npmjs.org/when
42 verbose request uri https://registry.npmjs.org/qs
43 verbose request no auth needed
44 info attempt registry request try #1 at 17:18:14
45 http request GET https://registry.npmjs.org/qs
46 verbose request uri https://registry.npmjs.org/lodash
47 verbose request no auth needed
48 info attempt registry request try #1 at 17:18:14
49 http request GET https://registry.npmjs.org/lodash
50 http 200 https://registry.npmjs.org/qs
51 verbose headers { server: 'CouchDB/1.5.0 (Erlang OTP/R16B03)',
51 verbose headers   etag: '"9WF299O17CG446S8YEKVLX0NX"',
51 verbose headers   'content-type': 'application/json',
51 verbose headers   'content-encoding': 'gzip',
51 verbose headers   'cache-control': 'max-age=300',
51 verbose headers   'content-length': '12925',
51 verbose headers   'accept-ranges': 'bytes',
51 verbose headers   date: 'Sun, 29 May 2016 09:18:02 GMT',
51 verbose headers   via: '1.1 varnish',
51 verbose headers   age: '14',
51 verbose headers   connection: 'keep-alive',
51 verbose headers   'x-served-by': 'cache-fra1238-FRA',
51 verbose headers   'x-cache': 'HIT',
51 verbose headers   'x-cache-hits': '2',
51 verbose headers   'x-timer': 'S1464513482.905204,VS0,VE0',
51 verbose headers   vary: 'Accept-Encoding' }
52 silly get cb [ 200,
52 silly get   { server: 'CouchDB/1.5.0 (Erlang OTP/R16B03)',
52 silly get     etag: '"9WF299O17CG446S8YEKVLX0NX"',
52 silly get     'content-type': 'application/json',
52 silly get     'content-encoding': 'gzip',
52 silly get     'cache-control': 'max-age=300',
52 silly get     'content-length': '12925',
52 silly get     'accept-ranges': 'bytes',
52 silly get     date: 'Sun, 29 May 2016 09:18:02 GMT',
52 silly get     via: '1.1 varnish',
52 silly get     age: '14',
52 silly get     connection: 'keep-alive',
52 silly get     'x-served-by': 'cache-fra1238-FRA',
52 silly get     'x-cache': 'HIT',
52 silly get     'x-cache-hits': '2',
52 silly get     'x-timer': 'S1464513482.905204,VS0,VE0',
52 silly get     vary: 'Accept-Encoding' } ]
53 verbose get saving qs to C:\Program Files\nodejs\cache\registry.npmjs.org\qs\.cache.json
54 verbose correctMkdir C:\Program Files\nodejs\cache correctMkdir not in flight; initializing
55 verbose makeDirectory C:\Program Files\nodejs\cache creation not in flight; initializing
56 http 200 https://registry.npmjs.org/when
57 verbose headers { server: 'CouchDB/1.5.0 (Erlang OTP/R16B03)',
57 verbose headers   etag: '"6HJPTMTHGW1Q79Y29WBYGBMV4"',
57 verbose headers   'content-type': 'application/json',
57 verbose headers   'content-encoding': 'gzip',
57 verbose headers   'cache-control': 'max-age=300',
57 verbose headers   'content-length': '12379',
57 verbose headers   'accept-ranges': 'bytes',
57 verbose headers   date: 'Sun, 29 May 2016 09:18:02 GMT',
57 verbose headers   via: '1.1 varnish',
57 verbose headers   age: '185',
57 verbose headers   connection: 'keep-alive',
57 verbose headers   'x-served-by': 'cache-fra1223-FRA',
57 verbose headers   'x-cache': 'HIT',
57 verbose headers   'x-cache-hits': '1',
57 verbose headers   'x-timer': 'S1464513482.906554,VS0,VE0',
57 verbose headers   vary: 'Accept-Encoding' }
58 silly get cb [ 200,
58 silly get   { server: 'CouchDB/1.5.0 (Erlang OTP/R16B03)',
58 silly get     etag: '"6HJPTMTHGW1Q79Y29WBYGBMV4"',
58 silly get     'content-type': 'application/json',
58 silly get     'content-encoding': 'gzip',
58 silly get     'cache-control': 'max-age=300',
58 silly get     'content-length': '12379',
58 silly get     'accept-ranges': 'bytes',
58 silly get     date: 'Sun, 29 May 2016 09:18:02 GMT',
58 silly get     via: '1.1 varnish',
58 silly get     age: '185',
58 silly get     connection: 'keep-alive',
58 silly get     'x-served-by': 'cache-fra1223-FRA',
58 silly get     'x-cache': 'HIT',
58 silly get     'x-cache-hits': '1',
58 silly get     'x-timer': 'S1464513482.906554,VS0,VE0',
58 silly get     vary: 'Accept-Encoding' } ]
59 verbose get saving when to C:\Program Files\nodejs\cache\registry.npmjs.org\when\.cache.json
60 verbose correctMkdir C:\Program Files\nodejs\cache correctMkdir already in flight; waiting
61 verbose makeCacheDir UID & GID are irrelevant on win32
62 silly resolveWithNewModule qs@2.4.2 checking installable status
63 silly cache add args [ 'qs@^2.4.1', null ]
64 verbose cache add spec qs@^2.4.1
65 silly cache add parsed spec Result {
65 silly cache add   raw: 'qs@^2.4.1',
65 silly cache add   scope: null,
65 silly cache add   name: 'qs',
65 silly cache add   rawSpec: '^2.4.1',
65 silly cache add   spec: '>=2.4.1 <3.0.0',
65 silly cache add   type: 'range' }
66 silly addNamed qs@>=2.4.1 <3.0.0
67 verbose addNamed ">=2.4.1 <3.0.0" is a valid semver range for qs
68 silly addNameRange { name: 'qs', range: '>=2.4.1 <3.0.0', hasData: false }
69 silly mapToRegistry name qs
70 silly mapToRegistry using default registry
71 silly mapToRegistry registry https://registry.npmjs.org/
72 silly mapToRegistry data Result {
72 silly mapToRegistry   raw: 'qs',
72 silly mapToRegistry   scope: null,
72 silly mapToRegistry   name: 'qs',
72 silly mapToRegistry   rawSpec: '',
72 silly mapToRegistry   spec: 'latest',
72 silly mapToRegistry   type: 'tag' }
73 silly mapToRegistry uri https://registry.npmjs.org/qs
74 verbose addNameRange registry:https://registry.npmjs.org/qs not in flight; fetching
75 silly resolveWithNewModule when@3.1.0 checking installable status
76 silly cache add args [ 'when@~3.1.0', null ]
77 verbose cache add spec when@~3.1.0
78 silly cache add parsed spec Result {
78 silly cache add   raw: 'when@~3.1.0',
78 silly cache add   scope: null,
78 silly cache add   name: 'when',
78 silly cache add   rawSpec: '~3.1.0',
78 silly cache add   spec: '>=3.1.0 <3.2.0',
78 silly cache add   type: 'range' }
79 silly addNamed when@>=3.1.0 <3.2.0
80 verbose addNamed ">=3.1.0 <3.2.0" is a valid semver range for when
81 silly addNameRange { name: 'when', range: '>=3.1.0 <3.2.0', hasData: false }
82 silly mapToRegistry name when
83 silly mapToRegistry using default registry
84 silly mapToRegistry registry https://registry.npmjs.org/
85 silly mapToRegistry data Result {
85 silly mapToRegistry   raw: 'when',
85 silly mapToRegistry   scope: null,
85 silly mapToRegistry   name: 'when',
85 silly mapToRegistry   rawSpec: '',
85 silly mapToRegistry   spec: 'latest',
85 silly mapToRegistry   type: 'tag' }
86 silly mapToRegistry uri https://registry.npmjs.org/when
87 verbose addNameRange registry:https://registry.npmjs.org/when not in flight; fetching
88 verbose request uri https://registry.npmjs.org/qs
89 verbose request no auth needed
90 info attempt registry request try #1 at 17:18:15
91 http request GET https://registry.npmjs.org/qs
92 verbose request uri https://registry.npmjs.org/when
93 verbose request no auth needed
94 info attempt registry request try #1 at 17:18:15
95 http request GET https://registry.npmjs.org/when
96 http 200 https://registry.npmjs.org/lodash
97 verbose headers { server: 'CouchDB/1.5.0 (Erlang OTP/R16B03)',
97 verbose headers   etag: '"6EVWK4S1VPV74EZT640EUIW89"',
97 verbose headers   'content-type': 'application/json',
97 verbose headers   'content-encoding': 'gzip',
97 verbose headers   'cache-control': 'max-age=300',
97 verbose headers   'content-length': '17493',
97 verbose headers   'accept-ranges': 'bytes',
97 verbose headers   date: 'Sun, 29 May 2016 09:18:02 GMT',
97 verbose headers   via: '1.1 varnish',
97 verbose headers   age: '81',
97 verbose headers   connection: 'keep-alive',
97 verbose headers   'x-served-by': 'cache-fra1227-FRA',
97 verbose headers   'x-cache': 'HIT',
97 verbose headers   'x-cache-hits': '6',
97 verbose headers   'x-timer': 'S1464513482.927169,VS0,VE0',
97 verbose headers   vary: 'Accept-Encoding' }
98 silly get cb [ 200,
98 silly get   { server: 'CouchDB/1.5.0 (Erlang OTP/R16B03)',
98 silly get     etag: '"6EVWK4S1VPV74EZT640EUIW89"',
98 silly get     'content-type': 'application/json',
98 silly get     'content-encoding': 'gzip',
98 silly get     'cache-control': 'max-age=300',
98 silly get     'content-length': '17493',
98 silly get     'accept-ranges': 'bytes',
98 silly get     date: 'Sun, 29 May 2016 09:18:02 GMT',
98 silly get     via: '1.1 varnish',
98 silly get     age: '81',
98 silly get     connection: 'keep-alive',
98 silly get     'x-served-by': 'cache-fra1227-FRA',
98 silly get     'x-cache': 'HIT',
98 silly get     'x-cache-hits': '6',
98 silly get     'x-timer': 'S1464513482.927169,VS0,VE0',
98 silly get     vary: 'Accept-Encoding' } ]
99 verbose get saving lodash to C:\Program Files\nodejs\cache\registry.npmjs.org\lodash\.cache.json
100 verbose correctMkdir C:\Program Files\nodejs\cache correctMkdir not in flight; initializing
101 silly resolveWithNewModule lodash@3.10.1 checking installable status
102 silly cache add args [ 'lodash@^3.1.0', null ]
103 verbose cache add spec lodash@^3.1.0
104 silly cache add parsed spec Result {
104 silly cache add   raw: 'lodash@^3.1.0',
104 silly cache add   scope: null,
104 silly cache add   name: 'lodash',
104 silly cache add   rawSpec: '^3.1.0',
104 silly cache add   spec: '>=3.1.0 <4.0.0',
104 silly cache add   type: 'range' }
105 silly addNamed lodash@>=3.1.0 <4.0.0
106 verbose addNamed ">=3.1.0 <4.0.0" is a valid semver range for lodash
107 silly addNameRange { name: 'lodash', range: '>=3.1.0 <4.0.0', hasData: false }
108 silly mapToRegistry name lodash
109 silly mapToRegistry using default registry
110 silly mapToRegistry registry https://registry.npmjs.org/
111 silly mapToRegistry data Result {
111 silly mapToRegistry   raw: 'lodash',
111 silly mapToRegistry   scope: null,
111 silly mapToRegistry   name: 'lodash',
111 silly mapToRegistry   rawSpec: '',
111 silly mapToRegistry   spec: 'latest',
111 silly mapToRegistry   type: 'tag' }
112 silly mapToRegistry uri https://registry.npmjs.org/lodash
113 verbose addNameRange registry:https://registry.npmjs.org/lodash not in flight; fetching
114 verbose request uri https://registry.npmjs.org/lodash
115 verbose request no auth needed
116 info attempt registry request try #1 at 17:18:15
117 http request GET https://registry.npmjs.org/lodash
118 http 200 https://registry.npmjs.org/qs
119 verbose headers { server: 'CouchDB/1.5.0 (Erlang OTP/R16B03)',
119 verbose headers   etag: '"9WF299O17CG446S8YEKVLX0NX"',
119 verbose headers   'content-type': 'application/json',
119 verbose headers   'content-encoding': 'gzip',
119 verbose headers   'cache-control': 'max-age=300',
119 verbose headers   'content-length': '12925',
119 verbose headers   'accept-ranges': 'bytes',
119 verbose headers   date: 'Sun, 29 May 2016 09:18:03 GMT',
119 verbose headers   via: '1.1 varnish',
119 verbose headers   age: '14',
119 verbose headers   connection: 'keep-alive',
119 verbose headers   'x-served-by': 'cache-fra1238-FRA',
119 verbose headers   'x-cache': 'HIT',
119 verbose headers   'x-cache-hits': '3',
119 verbose headers   'x-timer': 'S1464513483.286568,VS0,VE0',
119 verbose headers   vary: 'Accept-Encoding' }
120 silly get cb [ 200,
120 silly get   { server: 'CouchDB/1.5.0 (Erlang OTP/R16B03)',
120 silly get     etag: '"9WF299O17CG446S8YEKVLX0NX"',
120 silly get     'content-type': 'application/json',
120 silly get     'content-encoding': 'gzip',
120 silly get     'cache-control': 'max-age=300',
120 silly get     'content-length': '12925',
120 silly get     'accept-ranges': 'bytes',
120 silly get     date: 'Sun, 29 May 2016 09:18:03 GMT',
120 silly get     via: '1.1 varnish',
120 silly get     age: '14',
120 silly get     connection: 'keep-alive',
120 silly get     'x-served-by': 'cache-fra1238-FRA',
120 silly get     'x-cache': 'HIT',
120 silly get     'x-cache-hits': '3',
120 silly get     'x-timer': 'S1464513483.286568,VS0,VE0',
120 silly get     vary: 'Accept-Encoding' } ]
121 verbose get saving qs to C:\Program Files\nodejs\cache\registry.npmjs.org\qs\.cache.json
122 verbose correctMkdir C:\Program Files\nodejs\cache correctMkdir not in flight; initializing
123 silly addNameRange number 2 { name: 'qs', range: '>=2.4.1 <3.0.0', hasData: true }
124 silly addNameRange versions [ 'qs',
124 silly addNameRange   [ '0.0.1',
124 silly addNameRange     '0.0.2',
124 silly addNameRange     '0.0.3',
124 silly addNameRange     '0.0.4',
124 silly addNameRange     '0.0.5',
124 silly addNameRange     '0.0.6',
124 silly addNameRange     '0.0.7',
124 silly addNameRange     '0.1.0',
124 silly addNameRange     '0.2.0',
124 silly addNameRange     '0.3.0',
124 silly addNameRange     '0.3.1',
124 silly addNameRange     '0.3.2',
124 silly addNameRange     '0.4.0',
124 silly addNameRange     '0.4.1',
124 silly addNameRange     '0.4.2',
124 silly addNameRange     '0.5.0',
124 silly addNameRange     '0.5.1',
124 silly addNameRange     '0.5.2',
124 silly addNameRange     '0.5.3',
124 silly addNameRange     '0.5.4',
124 silly addNameRange     '0.5.5',
124 silly addNameRange     '0.5.6',
124 silly addNameRange     '0.6.0',
124 silly addNameRange     '0.6.1',
124 silly addNameRange     '0.6.2',
124 silly addNameRange     '0.6.3',
124 silly addNameRange     '0.6.4',
124 silly addNameRange     '0.6.5',
124 silly addNameRange     '0.6.6',
124 silly addNameRange     '1.0.0',
124 silly addNameRange     '1.0.1',
124 silly addNameRange     '1.0.2',
124 silly addNameRange     '1.1.0',
124 silly addNameRange     '1.2.0',
124 silly addNameRange     '1.2.1',
124 silly addNameRange     '1.2.2',
124 silly addNameRange     '2.0.0',
124 silly addNameRange     '2.1.0',
124 silly addNameRange     '2.2.0',
124 silly addNameRange     '2.2.1',
124 silly addNameRange     '2.2.2',
124 silly addNameRange     '2.2.3',
124 silly addNameRange     '2.2.4',
124 silly addNameRange     '2.2.5',
124 silly addNameRange     '2.3.0',
124 silly addNameRange     '2.3.1',
124 silly addNameRange     '2.3.2',
124 silly addNameRange     '2.3.3',
124 silly addNameRange     '2.4.0',
124 silly addNameRange     '2.4.1',
124 silly addNameRange     '2.4.2',
124 silly addNameRange     '3.0.0',
124 silly addNameRange     '3.1.0',
124 silly addNameRange     '4.0.0',
124 silly addNameRange     '5.0.0',
124 silly addNameRange     '5.1.0',
124 silly addNameRange     '5.2.0',
124 silly addNameRange     '6.0.0',
124 silly addNameRange     '6.0.1',
124 silly addNameRange     '6.0.2',
124 silly addNameRange     '6.1.0',
124 silly addNameRange     '6.2.0' ] ]
125 silly addNamed qs@2.4.2
126 verbose addNamed "2.4.2" is a plain semver version for qs
127 http 200 https://registry.npmjs.org/when
128 verbose headers { server: 'CouchDB/1.5.0 (Erlang OTP/R16B03)',
128 verbose headers   etag: '"6HJPTMTHGW1Q79Y29WBYGBMV4"',
128 verbose headers   'content-type': 'application/json',
128 verbose headers   'content-encoding': 'gzip',
128 verbose headers   'cache-control': 'max-age=300',
128 verbose headers   'content-length': '12379',
128 verbose headers   'accept-ranges': 'bytes',
128 verbose headers   date: 'Sun, 29 May 2016 09:18:03 GMT',
128 verbose headers   via: '1.1 varnish',
128 verbose headers   age: '185',
128 verbose headers   connection: 'keep-alive',
128 verbose headers   'x-served-by': 'cache-fra1223-FRA',
128 verbose headers   'x-cache': 'HIT',
128 verbose headers   'x-cache-hits': '2',
128 verbose headers   'x-timer': 'S1464513483.292291,VS0,VE0',
128 verbose headers   vary: 'Accept-Encoding' }
129 silly get cb [ 200,
129 silly get   { server: 'CouchDB/1.5.0 (Erlang OTP/R16B03)',
129 silly get     etag: '"6HJPTMTHGW1Q79Y29WBYGBMV4"',
129 silly get     'content-type': 'application/json',
129 silly get     'content-encoding': 'gzip',
129 silly get     'cache-control': 'max-age=300',
129 silly get     'content-length': '12379',
129 silly get     'accept-ranges': 'bytes',
129 silly get     date: 'Sun, 29 May 2016 09:18:03 GMT',
129 silly get     via: '1.1 varnish',
129 silly get     age: '185',
129 silly get     connection: 'keep-alive',
129 silly get     'x-served-by': 'cache-fra1223-FRA',
129 silly get     'x-cache': 'HIT',
129 silly get     'x-cache-hits': '2',
129 silly get     'x-timer': 'S1464513483.292291,VS0,VE0',
129 silly get     vary: 'Accept-Encoding' } ]
130 verbose get saving when to C:\Program Files\nodejs\cache\registry.npmjs.org\when\.cache.json
131 verbose correctMkdir C:\Program Files\nodejs\cache correctMkdir not in flight; initializing
132 silly mapToRegistry name qs
133 silly mapToRegistry using default registry
134 silly mapToRegistry registry https://registry.npmjs.org/
135 silly mapToRegistry data Result {
135 silly mapToRegistry   raw: 'qs',
135 silly mapToRegistry   scope: null,
135 silly mapToRegistry   name: 'qs',
135 silly mapToRegistry   rawSpec: '',
135 silly mapToRegistry   spec: 'latest',
135 silly mapToRegistry   type: 'tag' }
136 silly mapToRegistry uri https://registry.npmjs.org/qs
137 verbose addRemoteTarball https://registry.npmjs.org/qs/-/qs-2.4.2.tgz not in flight; adding
138 verbose addRemoteTarball [ 'https://registry.npmjs.org/qs/-/qs-2.4.2.tgz',
138 verbose addRemoteTarball   'f7ce788e5777df0b5010da7f7c4e73ba32470f5a' ]
139 silly addNameRange number 2 { name: 'when', range: '>=3.1.0 <3.2.0', hasData: true }
140 silly addNameRange versions [ 'when',
140 silly addNameRange   [ '1.2.0',
140 silly addNameRange     '1.3.0',
140 silly addNameRange     '1.4.0',
140 silly addNameRange     '1.4.1',
140 silly addNameRange     '1.4.2',
140 silly addNameRange     '1.4.3',
140 silly addNameRange     '1.4.4',
140 silly addNameRange     '1.5.0',
140 silly addNameRange     '1.5.1',
140 silly addNameRange     '1.5.2',
140 silly addNameRange     '1.6.0',
140 silly addNameRange     '1.6.1',
140 silly addNameRange     '1.7.0',
140 silly addNameRange     '1.7.1',
140 silly addNameRange     '1.8.0',
140 silly addNameRange     '1.8.1',
140 silly addNameRange     '2.0.0',
140 silly addNameRange     '2.0.1',
140 silly addNameRange     '2.1.0',
140 silly addNameRange     '2.1.1',
140 silly addNameRange     '2.2.0',
140 silly addNameRange     '2.2.1',
140 silly addNameRange     '2.3.0',
140 silly addNameRange     '2.4.0',
140 silly addNameRange     '2.5.0',
140 silly addNameRange     '2.5.1',
140 silly addNameRange     '2.6.0',
140 silly addNameRange     '2.7.0',
140 silly addNameRange     '2.7.1',
140 silly addNameRange     '2.8.0',
140 silly addNameRange     '3.0.0',
140 silly addNameRange     '3.0.1',
140 silly addNameRange     '3.1.0',
140 silly addNameRange     '3.2.0',
140 silly addNameRange     '3.2.1',
140 silly addNameRange     '3.2.2',
140 silly addNameRange     '3.2.3',
140 silly addNameRange     '3.3.0',
140 silly addNameRange     '3.3.1',
140 silly addNameRange     '3.4.0',
140 silly addNameRange     '3.4.1',
140 silly addNameRange     '3.4.2',
140 silly addNameRange     '3.4.3',
140 silly addNameRange     '3.4.4',
140 silly addNameRange     '3.4.5',
140 silly addNameRange     '3.4.6',
140 silly addNameRange     '3.5.0',
140 silly addNameRange     '3.5.1',
140 silly addNameRange     '3.5.2',
140 silly addNameRange     '3.6.0',
140 silly addNameRange     '3.6.1',
140 silly addNameRange     '3.6.2',
140 silly addNameRange     '3.6.3',
140 silly addNameRange     '3.6.4',
140 silly addNameRange     '3.7.0',
140 silly addNameRange     '3.7.1',
140 silly addNameRange     '3.7.2',
140 silly addNameRange     '3.7.3',
140 silly addNameRange     '3.7.4',
140 silly addNameRange     '3.7.5',
140 silly addNameRange     '3.7.6',
140 silly addNameRange     '3.7.7' ] ]
141 silly addNamed when@3.1.0
142 verbose addNamed "3.1.0" is a plain semver version for when
143 silly mapToRegistry name when
144 silly mapToRegistry using default registry
145 silly mapToRegistry registry https://registry.npmjs.org/
146 silly mapToRegistry data Result {
146 silly mapToRegistry   raw: 'when',
146 silly mapToRegistry   scope: null,
146 silly mapToRegistry   name: 'when',
146 silly mapToRegistry   rawSpec: '',
146 silly mapToRegistry   spec: 'latest',
146 silly mapToRegistry   type: 'tag' }
147 silly mapToRegistry uri https://registry.npmjs.org/when
148 verbose addRemoteTarball https://registry.npmjs.org/when/-/when-3.1.0.tgz not in flight; adding
149 verbose addRemoteTarball [ 'https://registry.npmjs.org/when/-/when-3.1.0.tgz',
149 verbose addRemoteTarball   'a2479659ca15f725541ecf52ebae091b781ee134' ]
150 info retry fetch attempt 1 at 17:18:16
151 info attempt registry request try #1 at 17:18:16
152 http fetch GET https://registry.npmjs.org/qs/-/qs-2.4.2.tgz
153 info retry fetch attempt 1 at 17:18:16
154 info attempt registry request try #1 at 17:18:16
155 http fetch GET https://registry.npmjs.org/when/-/when-3.1.0.tgz
156 http 200 https://registry.npmjs.org/lodash
157 verbose headers { server: 'CouchDB/1.5.0 (Erlang OTP/R16B03)',
157 verbose headers   etag: '"6EVWK4S1VPV74EZT640EUIW89"',
157 verbose headers   'content-type': 'application/json',
157 verbose headers   'content-encoding': 'gzip',
157 verbose headers   'cache-control': 'max-age=300',
157 verbose headers   'content-length': '17493',
157 verbose headers   'accept-ranges': 'bytes',
157 verbose headers   date: 'Sun, 29 May 2016 09:18:03 GMT',
157 verbose headers   via: '1.1 varnish',
157 verbose headers   age: '81',
157 verbose headers   connection: 'keep-alive',
157 verbose headers   'x-served-by': 'cache-fra1227-FRA',
157 verbose headers   'x-cache': 'HIT',
157 verbose headers   'x-cache-hits': '7',
157 verbose headers   'x-timer': 'S1464513483.517995,VS0,VE0',
157 verbose headers   vary: 'Accept-Encoding' }
158 silly get cb [ 200,
158 silly get   { server: 'CouchDB/1.5.0 (Erlang OTP/R16B03)',
158 silly get     etag: '"6EVWK4S1VPV74EZT640EUIW89"',
158 silly get     'content-type': 'application/json',
158 silly get     'content-encoding': 'gzip',
158 silly get     'cache-control': 'max-age=300',
158 silly get     'content-length': '17493',
158 silly get     'accept-ranges': 'bytes',
158 silly get     date: 'Sun, 29 May 2016 09:18:03 GMT',
158 silly get     via: '1.1 varnish',
158 silly get     age: '81',
158 silly get     connection: 'keep-alive',
158 silly get     'x-served-by': 'cache-fra1227-FRA',
158 silly get     'x-cache': 'HIT',
158 silly get     'x-cache-hits': '7',
158 silly get     'x-timer': 'S1464513483.517995,VS0,VE0',
158 silly get     vary: 'Accept-Encoding' } ]
159 verbose get saving lodash to C:\Program Files\nodejs\cache\registry.npmjs.org\lodash\.cache.json
160 verbose correctMkdir C:\Program Files\nodejs\cache correctMkdir not in flight; initializing
161 silly addNameRange number 2 { name: 'lodash', range: '>=3.1.0 <4.0.0', hasData: true }
162 silly addNameRange versions [ 'lodash',
162 silly addNameRange   [ '0.1.0',
162 silly addNameRange     '0.2.0',
162 silly addNameRange     '0.2.1',
162 silly addNameRange     '0.2.2',
162 silly addNameRange     '0.3.0',
162 silly addNameRange     '0.3.1',
162 silly addNameRange     '0.3.2',
162 silly addNameRange     '0.4.0',
162 silly addNameRange     '0.4.1',
162 silly addNameRange     '0.4.2',
162 silly addNameRange     '0.5.0-rc.1',
162 silly addNameRange     '0.5.0',
162 silly addNameRange     '0.5.1',
162 silly addNameRange     '0.5.2',
162 silly addNameRange     '0.6.0',
162 silly addNameRange     '0.6.1',
162 silly addNameRange     '0.7.0',
162 silly addNameRange     '0.8.0',
162 silly addNameRange     '0.8.1',
162 silly addNameRange     '0.8.2',
162 silly addNameRange     '0.9.0',
162 silly addNameRange     '0.9.1',
162 silly addNameRange     '0.9.2',
162 silly addNameRange     '0.10.0',
162 silly addNameRange     '1.0.0-rc.1',
162 silly addNameRange     '1.0.0-rc.2',
162 silly addNameRange     '1.0.0-rc.3',
162 silly addNameRange     '1.0.0',
162 silly addNameRange     '1.0.1',
162 silly addNameRange     '1.1.0',
162 silly addNameRange     '1.1.1',
162 silly addNameRange     '1.2.0',
162 silly addNameRange     '1.2.1',
162 silly addNameRange     '1.3.0',
162 silly addNameRange     '1.3.1',
162 silly addNameRange     '2.0.0',
162 silly addNameRange     '2.1.0',
162 silly addNameRange     '2.2.0',
162 silly addNameRange     '2.2.1',
162 silly addNameRange     '2.3.0',
162 silly addNameRange     '2.4.0',
162 silly addNameRange     '2.4.1',
162 silly addNameRange     '3.0.0',
162 silly addNameRange     '3.0.1',
162 silly addNameRange     '3.1.0',
162 silly addNameRange     '3.2.0',
162 silly addNameRange     '3.3.0',
162 silly addNameRange     '3.3.1',
162 silly addNameRange     '3.4.0',
162 silly addNameRange     '3.5.0',
162 silly addNameRange     '3.6.0',
162 silly addNameRange     '1.0.2',
162 silly addNameRange     '3.7.0',
162 silly addNameRange     '2.4.2',
162 silly addNameRange     '3.8.0',
162 silly addNameRange     '3.9.0',
162 silly addNameRange     '3.9.1',
162 silly addNameRange     '3.9.2',
162 silly addNameRange     '3.9.3',
162 silly addNameRange     '3.10.0',
162 silly addNameRange     '3.10.1',
162 silly addNameRange     '4.0.0',
162 silly addNameRange     '4.0.1',
162 silly addNameRange     '4.1.0',
162 silly addNameRange     '4.2.0',
162 silly addNameRange     '4.2.1',
162 silly addNameRange     '4.3.0',
162 silly addNameRange     '4.4.0',
162 silly addNameRange     '4.5.0',
162 silly addNameRange     '4.5.1',
162 silly addNameRange     '4.6.0',
162 silly addNameRange     '4.6.1',
162 silly addNameRange     '4.7.0',
162 silly addNameRange     '4.8.0',
162 silly addNameRange     '4.8.1',
162 silly addNameRange     '4.8.2',
162 silly addNameRange     '4.9.0',
162 silly addNameRange     '4.10.0',
162 silly addNameRange     '4.11.0',
162 silly addNameRange     '4.11.1',
162 silly addNameRange     '4.11.2',
162 silly addNameRange     '4.12.0',
162 silly addNameRange     '4.13.0',
162 silly addNameRange     '4.13.1' ] ]
163 silly addNamed lodash@3.10.1
164 verbose addNamed "3.10.1" is a plain semver version for lodash
165 silly mapToRegistry name lodash
166 silly mapToRegistry using default registry
167 silly mapToRegistry registry https://registry.npmjs.org/
168 silly mapToRegistry data Result {
168 silly mapToRegistry   raw: 'lodash',
168 silly mapToRegistry   scope: null,
168 silly mapToRegistry   name: 'lodash',
168 silly mapToRegistry   rawSpec: '',
168 silly mapToRegistry   spec: 'latest',
168 silly mapToRegistry   type: 'tag' }
169 silly mapToRegistry uri https://registry.npmjs.org/lodash
170 verbose addRemoteTarball https://registry.npmjs.org/lodash/-/lodash-3.10.1.tgz not in flight; adding
171 verbose addRemoteTarball [ 'https://registry.npmjs.org/lodash/-/lodash-3.10.1.tgz',
171 verbose addRemoteTarball   '5bf45e8e49ba4189e17d482789dfd15bd140b7b6' ]
172 info retry fetch attempt 1 at 17:18:16
173 info attempt registry request try #1 at 17:18:16
174 http fetch GET https://registry.npmjs.org/lodash/-/lodash-3.10.1.tgz
175 http fetch 200 https://registry.npmjs.org/qs/-/qs-2.4.2.tgz
176 silly fetchAndShaCheck shasum f7ce788e5777df0b5010da7f7c4e73ba32470f5a
177 http fetch 200 https://registry.npmjs.org/when/-/when-3.1.0.tgz
178 verbose addTmpTarball C:\Users\ADMINI~1\AppData\Local\Temp\npm-31580-3ee5c77b\registry.npmjs.org\qs\-\qs-2.4.2.tgz not in flight; adding
179 verbose addTmpTarball already have metadata; skipping unpack for qs@2.4.2
180 verbose correctMkdir C:\Program Files\nodejs\cache correctMkdir not in flight; initializing
181 silly fetchAndShaCheck shasum a2479659ca15f725541ecf52ebae091b781ee134
182 verbose addTmpTarball C:\Users\ADMINI~1\AppData\Local\Temp\npm-31580-3ee5c77b\registry.npmjs.org\when\-\when-3.1.0.tgz not in flight; adding
183 verbose addTmpTarball already have metadata; skipping unpack for when@3.1.0
184 verbose correctMkdir C:\Program Files\nodejs\cache correctMkdir not in flight; initializing
185 http fetch 200 https://registry.npmjs.org/lodash/-/lodash-3.10.1.tgz
186 silly fetchAndShaCheck shasum 5bf45e8e49ba4189e17d482789dfd15bd140b7b6
187 verbose addTmpTarball C:\Users\ADMINI~1\AppData\Local\Temp\npm-31580-3ee5c77b\registry.npmjs.org\lodash\-\lodash-3.10.1.tgz not in flight; adding
188 verbose addTmpTarball already have metadata; skipping unpack for lodash@3.10.1
189 verbose correctMkdir C:\Program Files\nodejs\cache correctMkdir not in flight; initializing
190 silly rollbackFailedOptional Starting
191 silly rollbackFailedOptional Finishing
192 silly runTopLevelLifecycles Starting
193 silly runTopLevelLifecycles Finishing
194 silly install printInstalled
195 verbose stack Error: EPERM: operation not permitted, mkdir 'C:\Program Files\nodejs\cache'
195 verbose stack     at Error (native)
196 verbose cwd F:\paytest\pingpp-nodejs-master
197 error Windows_NT 10.0.10586
198 error argv "C:\\Program Files\\nodejs\\node.exe" "C:\\Program Files\\nodejs\\node_modules\\npm\\bin\\npm-cli.js" "install"
199 error node v6.2.0
200 error npm  v3.8.9
201 error path C:\Program Files\nodejs\cache
202 error code EPERM
203 error errno -4048
204 error syscall mkdir
205 error Error: EPERM: operation not permitted, mkdir 'C:\Program Files\nodejs\cache'
205 error     at Error (native)
205 error  { Error: EPERM: operation not permitted, mkdir 'C:\Program Files\nodejs\cache'
205 error     at Error (native)
205 error   errno: -4048,
205 error   code: 'EPERM',
205 error   syscall: 'mkdir',
205 error   path: 'C:\\Program Files\\nodejs\\cache',
205 error   parent: 'pingpp' }
206 error Please try running this command again as root/Administrator.
207 verbose exit [ -4048, true ]
